#
# There is insufficient memory for the Java Runtime Environment to continue.
# Native memory allocation (malloc) failed to allocate 4127856 bytes for Chunk::new
# Possible reasons:
#   The system is out of physical RAM or swap space
#   In 32 bit mode, the process size limit was hit
# Possible solutions:
#   Reduce memory load on the system
#   Increase physical memory or swap space
#   Check if swap backing store is full
#   Use 64 bit Java on a 64 bit OS
#   Decrease Java heap size (-Xmx/-Xms)
#   Decrease number of Java threads
#   Decrease Java thread stack sizes (-Xss)
#   Set larger code cache with -XX:ReservedCodeCacheSize=
# This output file may be truncated or incomplete.
#
#  Out of Memory Error (allocation.cpp:390), pid=21684, tid=0x000000000000654c
#
# JRE version: Java(TM) SE Runtime Environment (8.0_191-b12) (build 1.8.0_191-b12)
# Java VM: Java HotSpot(TM) 64-Bit Server VM (25.191-b12 mixed mode windows-amd64 compressed oops)
# Failed to write core dump. Minidumps are not enabled by default on client versions of Windows
#

---------------  T H R E A D  ---------------

Current thread (0x0000000016032000):  JavaThread "C2 CompilerThread1" daemon [_thread_in_native, id=25932, stack(0x00000000166d0000,0x00000000167d0000)]

Stack: [0x00000000166d0000,0x00000000167d0000]
[error occurred during error reporting (printing stack bounds), id 0xc0000005]

Native frames: (J=compiled Java code, j=interpreted, Vv=VM code, C=native code)


Current CompileTask:
C2:  29233 4041 %     4       org.springframework.asm.ClassReader::readCode @ 1473 (3579 bytes)


---------------  P R O C E S S  ---------------

Java Threads: ( => current thread )
  0x0000000017684800 JavaThread "localhost-startStop-1" daemon [_thread_in_Java, id=21372, stack(0x000000001bfa0000,0x000000001c0a0000)]
  0x0000000017684000 JavaThread "Tomcat-startStop-1" daemon [_thread_blocked, id=15804, stack(0x000000001bea0000,0x000000001bfa0000)]
  0x000000001746c000 JavaThread "restartedMain" [_thread_blocked, id=21588, stack(0x0000000018450000,0x0000000018550000)]
  0x000000001746b800 JavaThread "Thread-0" [_thread_blocked, id=6120, stack(0x0000000018350000,0x0000000018450000)]
  0x000000001603b000 JavaThread "Service Thread" daemon [_thread_blocked, id=21928, stack(0x00000000168d0000,0x00000000169d0000)]
  0x0000000016036800 JavaThread "C1 CompilerThread2" daemon [_thread_blocked, id=24940, stack(0x00000000167d0000,0x00000000168d0000)]
=>0x0000000016032000 JavaThread "C2 CompilerThread1" daemon [_thread_in_native, id=25932, stack(0x00000000166d0000,0x00000000167d0000)]
  0x0000000014c06800 JavaThread "C2 CompilerThread0" daemon [_thread_blocked, id=25620, stack(0x00000000165d0000,0x00000000166d0000)]
  0x0000000014c05000 JavaThread "Attach Listener" daemon [_thread_blocked, id=9088, stack(0x00000000164d0000,0x00000000165d0000)]
  0x0000000016013800 JavaThread "Signal Dispatcher" daemon [_thread_blocked, id=5780, stack(0x00000000163d0000,0x00000000164d0000)]
  0x00000000025ec800 JavaThread "Finalizer" daemon [_thread_blocked, id=17560, stack(0x0000000015e70000,0x0000000015f70000)]
  0x00000000025e8000 JavaThread "Reference Handler" daemon [_thread_blocked, id=26536, stack(0x0000000015d70000,0x0000000015e70000)]
  0x00000000024f8000 JavaThread "main" [_thread_blocked, id=19160, stack(0x00000000023f0000,0x00000000024f0000)]

Other Threads:
  0x0000000014bb8000 VMThread [stack: 0x0000000015c70000,0x0000000015d70000] [id=21500]
  0x0000000016077800 WatcherThread [stack: 0x00000000169d0000,0x0000000016ad0000] [id=2364]

VM state:not at safepoint (normal execution)

VM Mutex/Monitor currently owned by a thread: None

Heap:
 PSYoungGen      total 138240K, used 95740K [0x00000000eb200000, 0x00000000f4100000, 0x0000000100000000)
  eden space 130048K, 67% used [0x00000000eb200000,0x00000000f07817e8,0x00000000f3100000)
  from space 8192K, 99% used [0x00000000f3100000,0x00000000f38fdb78,0x00000000f3900000)
  to   space 7680K, 0% used [0x00000000f3980000,0x00000000f3980000,0x00000000f4100000)
 ParOldGen       total 32256K, used 18476K [0x00000000c1600000, 0x00000000c3580000, 0x00000000eb200000)
  object space 32256K, 57% used [0x00000000c1600000,0x00000000c280b2a8,0x00000000c3580000)
 Metaspace       used 33295K, capacity 33686K, committed 33920K, reserved 1079296K
  class space    used 4084K, capacity 4200K, committed 4224K, reserved 1048576K

Card table byte_map: [0x00000000119b0000,0x0000000011bb0000] byte_map_base: 0x00000000113a5000

Marking Bits: (ParMarkBitMap*) 0x0000000070dc3e30
 Begin Bits: [0x0000000012100000, 0x00000000130a8000)
 End Bits:   [0x00000000130a8000, 0x0000000014050000)

Polling page: 0x0000000000670000

CodeCache: size=245760Kb used=12766Kb max_used=12777Kb free=232993Kb
 bounds [0x00000000025f0000, 0x0000000003280000, 0x00000000115f0000]
 total_blobs=3814 nmethods=3402 adapters=324
 compilation: enabled

Compilation events (10 events):
Event: 28.898 Thread 0x0000000016036800 nmethod 4049 0x00000000032610d0 code [0x0000000003261300, 0x0000000003262138]
Event: 28.900 Thread 0x0000000016036800 4051       3       org.springframework.core.type.classreading.AnnotationMetadataReadingVisitor::hasMetaAnnotation (55 bytes)
Event: 28.901 Thread 0x0000000016036800 nmethod 4051 0x000000000326a890 code [0x000000000326aa60, 0x000000000326b188]
Event: 28.974 Thread 0x0000000014c06800 nmethod 4046 0x0000000003270450 code [0x00000000032708c0, 0x0000000003272c20]
Event: 28.974 Thread 0x0000000014c06800 4047       4       org.springframework.asm.MethodVisitor::visitMethodInsn (68 bytes)
Event: 29.069 Thread 0x0000000014c06800 nmethod 4047 0x0000000003277190 code [0x00000000032774c0, 0x0000000003279718]
Event: 29.069 Thread 0x0000000014c06800 4050       4       java.lang.System$2::getConstantPool (5 bytes)
Event: 29.070 Thread 0x0000000014c06800 nmethod 4050 0x000000000326d510 code [0x000000000326d660, 0x000000000326d708]
Event: 29.173 Thread 0x0000000014c06800 4052       4       org.springframework.asm.MethodVisitor::visitJumpInsn (17 bytes)
Event: 29.174 Thread 0x0000000014c06800 nmethod 4052 0x000000000326bd50 code [0x000000000326bea0, 0x000000000326bf48]

GC Heap History (10 events):
Event: 10.043 GC heap before
{Heap before GC invocations=8 (full 0):
 PSYoungGen      total 71680K, used 11744K [0x00000000eb200000, 0x00000000f4200000, 0x0000000100000000)
  eden space 65024K, 7% used [0x00000000eb200000,0x00000000eb6fa780,0x00000000ef180000)
  from space 6656K, 99% used [0x00000000ef180000,0x00000000ef7fdb08,0x00000000ef800000)
  to   space 8704K, 0% used [0x00000000f3980000,0x00000000f3980000,0x00000000f4200000)
 ParOldGen       total 44032K, used 9526K [0x00000000c1600000, 0x00000000c4100000, 0x00000000eb200000)
  object space 44032K, 21% used [0x00000000c1600000,0x00000000c1f4da50,0x00000000c4100000)
 Metaspace       used 20889K, capacity 21134K, committed 21296K, reserved 1069056K
  class space    used 2536K, capacity 2631K, committed 2688K, reserved 1048576K
Event: 10.100 GC heap after
Heap after GC invocations=8 (full 0):
 PSYoungGen      total 137728K, used 3904K [0x00000000eb200000, 0x00000000f4100000, 0x0000000100000000)
  eden space 130048K, 0% used [0x00000000eb200000,0x00000000eb200000,0x00000000f3100000)
  from space 7680K, 50% used [0x00000000f3980000,0x00000000f3d50000,0x00000000f4100000)
  to   space 8192K, 0% used [0x00000000f3100000,0x00000000f3100000,0x00000000f3900000)
 ParOldGen       total 44032K, used 10786K [0x00000000c1600000, 0x00000000c4100000, 0x00000000eb200000)
  object space 44032K, 24% used [0x00000000c1600000,0x00000000c20889d0,0x00000000c4100000)
 Metaspace       used 20889K, capacity 21134K, committed 21296K, reserved 1069056K
  class space    used 2536K, capacity 2631K, committed 2688K, reserved 1048576K
}
Event: 10.100 GC heap before
{Heap before GC invocations=9 (full 1):
 PSYoungGen      total 137728K, used 3904K [0x00000000eb200000, 0x00000000f4100000, 0x0000000100000000)
  eden space 130048K, 0% used [0x00000000eb200000,0x00000000eb200000,0x00000000f3100000)
  from space 7680K, 50% used [0x00000000f3980000,0x00000000f3d50000,0x00000000f4100000)
  to   space 8192K, 0% used [0x00000000f3100000,0x00000000f3100000,0x00000000f3900000)
 ParOldGen       total 44032K, used 10786K [0x00000000c1600000, 0x00000000c4100000, 0x00000000eb200000)
  object space 44032K, 24% used [0x00000000c1600000,0x00000000c20889d0,0x00000000c4100000)
 Metaspace       used 20889K, capacity 21134K, committed 21296K, reserved 1069056K
  class space    used 2536K, capacity 2631K, committed 2688K, reserved 1048576K
Event: 10.232 GC heap after
Heap after GC invocations=9 (full 1):
 PSYoungGen      total 137728K, used 0K [0x00000000eb200000, 0x00000000f4100000, 0x0000000100000000)
  eden space 130048K, 0% used [0x00000000eb200000,0x00000000eb200000,0x00000000f3100000)
  from space 7680K, 0% used [0x00000000f3980000,0x00000000f3980000,0x00000000f4100000)
  to   space 8192K, 0% used [0x00000000f3100000,0x00000000f3100000,0x00000000f3900000)
 ParOldGen       total 32256K, used 9981K [0x00000000c1600000, 0x00000000c3580000, 0x00000000eb200000)
  object space 32256K, 30% used [0x00000000c1600000,0x00000000c1fbf738,0x00000000c3580000)
 Metaspace       used 20889K, capacity 21134K, committed 21296K, reserved 1069056K
  class space    used 2536K, capacity 2631K, committed 2688K, reserved 1048576K
}
Event: 15.481 GC heap before
{Heap before GC invocations=10 (full 1):
 PSYoungGen      total 137728K, used 130048K [0x00000000eb200000, 0x00000000f4100000, 0x0000000100000000)
  eden space 130048K, 100% used [0x00000000eb200000,0x00000000f3100000,0x00000000f3100000)
  from space 7680K, 0% used [0x00000000f3980000,0x00000000f3980000,0x00000000f4100000)
  to   space 8192K, 0% used [0x00000000f3100000,0x00000000f3100000,0x00000000f3900000)
 ParOldGen       total 32256K, used 9981K [0x00000000c1600000, 0x00000000c3580000, 0x00000000eb200000)
  object space 32256K, 30% used [0x00000000c1600000,0x00000000c1fbf738,0x00000000c3580000)
 Metaspace       used 23703K, capacity 24018K, committed 24320K, reserved 1071104K
  class space    used 2909K, capacity 2989K, committed 3072K, reserved 1048576K
Event: 15.500 GC heap after
Heap after GC invocations=10 (full 1):
 PSYoungGen      total 138240K, used 5783K [0x00000000eb200000, 0x00000000f4100000, 0x0000000100000000)
  eden space 130048K, 0% used [0x00000000eb200000,0x00000000eb200000,0x00000000f3100000)
  from space 8192K, 70% used [0x00000000f3100000,0x00000000f36a5e70,0x00000000f3900000)
  to   space 7680K, 0% used [0x00000000f3980000,0x00000000f3980000,0x00000000f4100000)
 ParOldGen       total 32256K, used 9989K [0x00000000c1600000, 0x00000000c3580000, 0x00000000eb200000)
  object space 32256K, 30% used [0x00000000c1600000,0x00000000c1fc1738,0x00000000c3580000)
 Metaspace       used 23703K, capacity 24018K, committed 24320K, reserved 1071104K
  class space    used 2909K, capacity 2989K, committed 3072K, reserved 1048576K
}
Event: 18.988 GC heap before
{Heap before GC invocations=11 (full 1):
 PSYoungGen      total 138240K, used 135831K [0x00000000eb200000, 0x00000000f4100000, 0x0000000100000000)
  eden space 130048K, 100% used [0x00000000eb200000,0x00000000f3100000,0x00000000f3100000)
  from space 8192K, 70% used [0x00000000f3100000,0x00000000f36a5e70,0x00000000f3900000)
  to   space 7680K, 0% used [0x00000000f3980000,0x00000000f3980000,0x00000000f4100000)
 ParOldGen       total 32256K, used 9989K [0x00000000c1600000, 0x00000000c3580000, 0x00000000eb200000)
  object space 32256K, 30% used [0x00000000c1600000,0x00000000c1fc1738,0x00000000c3580000)
 Metaspace       used 25542K, capacity 25852K, committed 26112K, reserved 1073152K
  class space    used 3166K, capacity 3252K, committed 3328K, reserved 1048576K
Event: 19.000 GC heap after
Heap after GC invocations=11 (full 1):
 PSYoungGen      total 137728K, used 6706K [0x00000000eb200000, 0x00000000f4100000, 0x0000000100000000)
  eden space 130048K, 0% used [0x00000000eb200000,0x00000000eb200000,0x00000000f3100000)
  from space 7680K, 87% used [0x00000000f3980000,0x00000000f400c8b0,0x00000000f4100000)
  to   space 8192K, 0% used [0x00000000f3100000,0x00000000f3100000,0x00000000f3900000)
 ParOldGen       total 32256K, used 9989K [0x00000000c1600000, 0x00000000c3580000, 0x00000000eb200000)
  object space 32256K, 30% used [0x00000000c1600000,0x00000000c1fc1738,0x00000000c3580000)
 Metaspace       used 25542K, capacity 25852K, committed 26112K, reserved 1073152K
  class space    used 3166K, capacity 3252K, committed 3328K, reserved 1048576K
}
Event: 22.904 GC heap before
{Heap before GC invocations=12 (full 1):
 PSYoungGen      total 137728K, used 136754K [0x00000000eb200000, 0x00000000f4100000, 0x0000000100000000)
  eden space 130048K, 100% used [0x00000000eb200000,0x00000000f3100000,0x00000000f3100000)
  from space 7680K, 87% used [0x00000000f3980000,0x00000000f400c8b0,0x00000000f4100000)
  to   space 8192K, 0% used [0x00000000f3100000,0x00000000f3100000,0x00000000f3900000)
 ParOldGen       total 32256K, used 9989K [0x00000000c1600000, 0x00000000c3580000, 0x00000000eb200000)
  object space 32256K, 30% used [0x00000000c1600000,0x00000000c1fc1738,0x00000000c3580000)
 Metaspace       used 31620K, capacity 32010K, committed 32128K, reserved 1077248K
  class space    used 3880K, capacity 3967K, committed 3968K, reserved 1048576K
Event: 22.929 GC heap after
Heap after GC invocations=12 (full 1):
 PSYoungGen      total 138240K, used 8182K [0x00000000eb200000, 0x00000000f4100000, 0x0000000100000000)
  eden space 130048K, 0% used [0x00000000eb200000,0x00000000eb200000,0x00000000f3100000)
  from space 8192K, 99% used [0x00000000f3100000,0x00000000f38fdb78,0x00000000f3900000)
  to   space 7680K, 0% used [0x00000000f3980000,0x00000000f3980000,0x00000000f4100000)
 ParOldGen       total 32256K, used 18476K [0x00000000c1600000, 0x00000000c3580000, 0x00000000eb200000)
  object space 32256K, 57% used [0x00000000c1600000,0x00000000c280b2a8,0x00000000c3580000)
 Metaspace       used 31620K, capacity 32010K, committed 32128K, reserved 1077248K
  class space    used 3880K, capacity 3967K, committed 3968K, reserved 1048576K
}

Deoptimization events (10 events):
Event: 25.915 Thread 0x0000000017684800 Uncommon trap: reason=class_check action=maybe_recompile pc=0x0000000002f18aa8 method=org.springframework.asm.ClassReader.readCode(Lorg/springframework/asm/MethodVisitor;Lorg/springframework/asm/Context;I)V @ 2416
Event: 25.918 Thread 0x0000000017684800 Uncommon trap: reason=unstable_if action=reinterpret pc=0x0000000002f164f0 method=org.springframework.asm.ClassReader.readCode(Lorg/springframework/asm/MethodVisitor;Lorg/springframework/asm/Context;I)V @ 720
Event: 26.215 Thread 0x0000000017684800 Uncommon trap: reason=unstable_if action=reinterpret pc=0x0000000002d81778 method=org.hibernate.validator.internal.metadata.aggregated.ExecutableMetaData$Builder.accepts(Lorg/hibernate/validator/internal/metadata/raw/ConstrainedElement;)Z @ 46
Event: 26.331 Thread 0x0000000017684800 Uncommon trap: reason=unstable_if action=reinterpret pc=0x00000000029c29f0 method=java.util.regex.Pattern$CharProperty$1.isSatisfiedBy(I)Z @ 8
Event: 26.331 Thread 0x0000000017684800 Uncommon trap: reason=unstable_if action=reinterpret pc=0x0000000002d50268 method=java.util.regex.Pattern$CharProperty$1.isSatisfiedBy(I)Z @ 8
Event: 26.683 Thread 0x0000000017684800 Uncommon trap: reason=unstable_if action=reinterpret pc=0x0000000002e78f0c method=org.springframework.beans.factory.support.AbstractBeanFactory.isTypeMatch(Ljava/lang/String;Lorg/springframework/core/ResolvableType;)Z @ 478
Event: 26.762 Thread 0x0000000017684800 Uncommon trap: reason=unstable_if action=reinterpret pc=0x0000000002b76f48 method=org.hibernate.validator.internal.metadata.aggregated.ExecutableMetaData$Builder.accepts(Lorg/hibernate/validator/internal/metadata/raw/ConstrainedElement;)Z @ 46
Event: 27.146 Thread 0x0000000017684800 Uncommon trap: reason=null_check action=make_not_entrant pc=0x0000000003086944 method=org.springframework.util.ClassUtils.isAssignable(Ljava/lang/Class;Ljava/lang/Class;)Z @ 14
Event: 27.239 Thread 0x0000000017684800 Uncommon trap: reason=bimorphic action=maybe_recompile pc=0x0000000002cfe518 method=java.util.regex.Pattern$BmpCharProperty.match(Ljava/util/regex/Matcher;ILjava/lang/CharSequence;)Z @ 31
Event: 28.608 Thread 0x0000000017684800 Uncommon trap: reason=unstable_if action=reinterpret pc=0x00000000027c8378 method=sun.reflect.annotation.AnnotationParser.parseStringArray(ILjava/nio/ByteBuffer;Lsun/reflect/ConstantPool;)Ljava/lang/Object; @ 17

Classes redefined (0 events):
No events

Internal exceptions (10 events):
Event: 25.689 Thread 0x0000000017684800 Exception <a 'java/lang/ClassNotFoundException': java/lang/ObjectCustomizer> (0x00000000ee410030) thrown at [C:\re\workspace\8-2-build-windows-amd64-cygwin\jdk8u191\11896\hotspot\src\share\vm\classfile\systemDictionary.cpp, line 210]
Event: 25.753 Thread 0x0000000017684800 Exception <a 'java/lang/ClassNotFoundException': org/springframework/cloud/netflix/eureka/EurekaClientConfigBeanCustomizer> (0x00000000ee43d180) thrown at [C:\re\workspace\8-2-build-windows-amd64-cygwin\jdk8u191\11896\hotspot\src\share\vm\classfile\system
Event: 25.780 Thread 0x0000000017684800 Exception <a 'java/lang/ClassNotFoundException': com/netflix/discovery/EurekaClientConfigCustomizer> (0x00000000ee4eeba8) thrown at [C:\re\workspace\8-2-build-windows-amd64-cygwin\jdk8u191\11896\hotspot\src\share\vm\classfile\systemDictionary.cpp, line 21
Event: 25.875 Thread 0x0000000017684800 Exception <a 'java/lang/ClassNotFoundException': org/springframework/cloud/netflix/eureka/EurekaConstantsCustomizer> (0x00000000ee553ca0) thrown at [C:\re\workspace\8-2-build-windows-amd64-cygwin\jdk8u191\11896\hotspot\src\share\vm\classfile\systemDiction
Event: 26.647 Thread 0x0000000017684800 Exception <a 'java/lang/ClassNotFoundException': java/lang/ObjectCustomizer> (0x00000000eec2c248) thrown at [C:\re\workspace\8-2-build-windows-amd64-cygwin\jdk8u191\11896\hotspot\src\share\vm\classfile\systemDictionary.cpp, line 210]
Event: 26.650 Thread 0x0000000017684800 Exception <a 'java/lang/ClassNotFoundException': org/springframework/cloud/netflix/eureka/server/EurekaServerConfigBeanCustomizer> (0x00000000eec5bfe0) thrown at [C:\re\workspace\8-2-build-windows-amd64-cygwin\jdk8u191\11896\hotspot\src\share\vm\classfile
Event: 26.678 Thread 0x0000000017684800 Exception <a 'java/lang/ClassNotFoundException': com/netflix/eureka/EurekaServerConfigCustomizer> (0x00000000eed6ad50) thrown at [C:\re\workspace\8-2-build-windows-amd64-cygwin\jdk8u191\11896\hotspot\src\share\vm\classfile\systemDictionary.cpp, line 210]
Event: 26.681 Thread 0x0000000017684800 Exception <a 'java/lang/ClassNotFoundException': org/springframework/cloud/netflix/eureka/EurekaConstantsCustomizer> (0x00000000eedcf468) thrown at [C:\re\workspace\8-2-build-windows-amd64-cygwin\jdk8u191\11896\hotspot\src\share\vm\classfile\systemDiction
Event: 27.135 Thread 0x0000000017684800 Exception <a 'java/lang/ClassNotFoundException': java/lang/ObjectCustomizer> (0x00000000ef866680) thrown at [C:\re\workspace\8-2-build-windows-amd64-cygwin\jdk8u191\11896\hotspot\src\share\vm\classfile\systemDictionary.cpp, line 210]
Event: 27.146 Thread 0x0000000017684800 Exception <a 'java/lang/ClassNotFoundException': org/springframework/cloud/netflix/eureka/server/InstanceRegistryPropertiesCustomizer> (0x00000000ef897e78) thrown at [C:\re\workspace\8-2-build-windows-amd64-cygwin\jdk8u191\11896\hotspot\src\share\vm\class

Events (10 events):
Event: 29.180 loading class com/netflix/eventbus/spi/Subscribe
Event: 29.180 loading class com/netflix/eventbus/spi/Subscribe done
Event: 29.185 loading class com/netflix/eventbus/spi/Subscribe$BatchingStrategy
Event: 29.185 loading class com/netflix/eventbus/spi/Subscribe$BatchingStrategy done
Event: 29.198 loading class com/netflix/discovery/provider/DiscoveryJerseyProvider
Event: 29.198 loading class com/netflix/discovery/provider/DiscoveryJerseyProvider done
Event: 29.199 loading class javax/ws/rs/ext/MessageBodyWriter
Event: 29.199 loading class javax/ws/rs/ext/MessageBodyWriter done
Event: 29.204 loading class javax/ws/rs/ext/MessageBodyReader
Event: 29.204 loading class javax/ws/rs/ext/MessageBodyReader done


Dynamic libraries:
0x00007ff7ab3b0000 - 0x00007ff7ab3e7000 	C:\Program Files\Java\jdk1.8.0_191\bin\javaw.exe
0x00007fff08d60000 - 0x00007fff08f41000 	C:\WINDOWS\SYSTEM32\ntdll.dll
0x00007fff08570000 - 0x00007fff08622000 	C:\WINDOWS\System32\KERNEL32.DLL
0x00007fff05f70000 - 0x00007fff061e3000 	C:\WINDOWS\System32\KERNELBASE.dll
0x00007fff06370000 - 0x00007fff06411000 	C:\WINDOWS\System32\ADVAPI32.dll
0x00007fff08930000 - 0x00007fff089ce000 	C:\WINDOWS\System32\msvcrt.dll
0x00007fff08350000 - 0x00007fff083ab000 	C:\WINDOWS\System32\sechost.dll
0x00007fff06de0000 - 0x00007fff06f04000 	C:\WINDOWS\System32\RPCRT4.dll
0x00007fff08700000 - 0x00007fff08890000 	C:\WINDOWS\System32\USER32.dll
0x00007fff05330000 - 0x00007fff05350000 	C:\WINDOWS\System32\win32u.dll
0x00007fff08530000 - 0x00007fff08558000 	C:\WINDOWS\System32\GDI32.dll
0x00007fff05130000 - 0x00007fff052c2000 	C:\WINDOWS\System32\gdi32full.dll
0x00007fff054d0000 - 0x00007fff0556f000 	C:\WINDOWS\System32\msvcp_win.dll
0x00007fff053d0000 - 0x00007fff054ca000 	C:\WINDOWS\System32\ucrtbase.dll
0x00007ffef8fe0000 - 0x00007ffef9249000 	C:\WINDOWS\WinSxS\amd64_microsoft.windows.common-controls_6595b64144ccf1df_6.0.17134.590_none_fb3d9bff3069e088\COMCTL32.dll
0x00007fff08a00000 - 0x00007fff08d22000 	C:\WINDOWS\System32\combase.dll
0x00007fff05350000 - 0x00007fff053ca000 	C:\WINDOWS\System32\bcryptPrimitives.dll
0x00007fff089d0000 - 0x00007fff089fd000 	C:\WINDOWS\System32\IMM32.DLL
0x00000000703d0000 - 0x00000000704a2000 	C:\Program Files\Java\jdk1.8.0_191\jre\bin\msvcr100.dll
0x00000000705a0000 - 0x0000000070e44000 	C:\Program Files\Java\jdk1.8.0_191\jre\bin\server\jvm.dll
0x00007fff06510000 - 0x00007fff06518000 	C:\WINDOWS\System32\PSAPI.DLL
0x00007ffef6ea0000 - 0x00007ffef6ea9000 	C:\WINDOWS\SYSTEM32\WSOCK32.dll
0x00007fff08630000 - 0x00007fff0869c000 	C:\WINDOWS\System32\WS2_32.dll
0x00007ffeff990000 - 0x00007ffeff99a000 	C:\WINDOWS\SYSTEM32\VERSION.dll
0x00007fff02d10000 - 0x00007fff02d33000 	C:\WINDOWS\SYSTEM32\WINMM.dll
0x00007fff02ce0000 - 0x00007fff02d0a000 	C:\WINDOWS\SYSTEM32\winmmbase.dll
0x00007fff05570000 - 0x00007fff055b9000 	C:\WINDOWS\System32\cfgmgr32.dll
0x0000000070590000 - 0x000000007059f000 	C:\Program Files\Java\jdk1.8.0_191\jre\bin\verify.dll
0x0000000070560000 - 0x0000000070589000 	C:\Program Files\Java\jdk1.8.0_191\jre\bin\java.dll
0x0000000070540000 - 0x0000000070556000 	C:\Program Files\Java\jdk1.8.0_191\jre\bin\zip.dll
0x00007fff06f10000 - 0x00007fff08350000 	C:\WINDOWS\System32\SHELL32.dll
0x00007fff083b0000 - 0x00007fff08459000 	C:\WINDOWS\System32\shcore.dll
0x00007fff05860000 - 0x00007fff05f6d000 	C:\WINDOWS\System32\windows.storage.dll
0x00007fff086a0000 - 0x00007fff086f1000 	C:\WINDOWS\System32\shlwapi.dll
0x00007fff050c0000 - 0x00007fff050d1000 	C:\WINDOWS\System32\kernel.appcore.dll
0x00007fff050a0000 - 0x00007fff050bf000 	C:\WINDOWS\System32\profapi.dll
0x00007fff050e0000 - 0x00007fff0512c000 	C:\WINDOWS\System32\powrprof.dll
0x00007fff05070000 - 0x00007fff0507a000 	C:\WINDOWS\System32\FLTLIB.DLL
0x0000000070520000 - 0x000000007053a000 	C:\Program Files\Java\jdk1.8.0_191\jre\bin\net.dll
0x00007fff04880000 - 0x00007fff048e6000 	C:\WINDOWS\system32\mswsock.dll
0x00007fff04600000 - 0x00007fff04638000 	C:\WINDOWS\SYSTEM32\IPHLPAPI.DLL
0x00007fff06520000 - 0x00007fff06528000 	C:\WINDOWS\System32\NSI.dll
0x00007ffefb960000 - 0x00007ffefb976000 	C:\WINDOWS\SYSTEM32\dhcpcsvc6.DLL
0x00007ffefb920000 - 0x00007ffefb93a000 	C:\WINDOWS\SYSTEM32\dhcpcsvc.DLL
0x00007fff04640000 - 0x00007fff046fe000 	C:\WINDOWS\SYSTEM32\DNSAPI.dll
0x00000000704b0000 - 0x00000000704bd000 	C:\Program Files\Java\jdk1.8.0_191\jre\bin\management.dll
0x00007ffeffa30000 - 0x00007ffeffa46000 	C:\WINDOWS\system32\napinsp.dll
0x00007ffef6e70000 - 0x00007ffef6e8a000 	C:\WINDOWS\system32\pnrpnsp.dll
0x00007fff01570000 - 0x00007fff01589000 	C:\WINDOWS\system32\NLAapi.dll
0x00007fff007c0000 - 0x00007fff007ce000 	C:\WINDOWS\System32\winrnr.dll
0x00007ffefa940000 - 0x00007ffefa94a000 	C:\Windows\System32\rasadhlp.dll
0x00007ffefaa60000 - 0x00007ffefaad2000 	C:\WINDOWS\System32\fwpuclnt.dll
0x00007fff04b60000 - 0x00007fff04b85000 	C:\WINDOWS\SYSTEM32\bcrypt.dll
0x0000000070500000 - 0x0000000070511000 	C:\Program Files\Java\jdk1.8.0_191\jre\bin\nio.dll
0x00007fff04a30000 - 0x00007fff04a47000 	C:\WINDOWS\SYSTEM32\CRYPTSP.dll
0x00007fff04400000 - 0x00007fff04433000 	C:\WINDOWS\system32\rsaenh.dll
0x00007fff04f00000 - 0x00007fff04f28000 	C:\WINDOWS\SYSTEM32\USERENV.dll
0x00007fff04a50000 - 0x00007fff04a5b000 	C:\WINDOWS\SYSTEM32\CRYPTBASE.dll

VM Arguments:
jvm_args: -Dfile.encoding=UTF-8 
java_command: com.zhylb.EurekaService7001_App
java_class_path (initial): C:\Program Files\Java\jdk1.8.0_191\jre\lib\resources.jar;C:\Program Files\Java\jdk1.8.0_191\jre\lib\rt.jar;C:\Program Files\Java\jdk1.8.0_191\jre\lib\jsse.jar;C:\Program Files\Java\jdk1.8.0_191\jre\lib\jce.jar;C:\Program Files\Java\jdk1.8.0_191\jre\lib\charsets.jar;C:\Program Files\Java\jdk1.8.0_191\jre\lib\jfr.jar;C:\Program Files\Java\jdk1.8.0_191\jre\lib\ext\access-bridge-64.jar;C:\Program Files\Java\jdk1.8.0_191\jre\lib\ext\cldrdata.jar;C:\Program Files\Java\jdk1.8.0_191\jre\lib\ext\dnsns.jar;C:\Program Files\Java\jdk1.8.0_191\jre\lib\ext\jaccess.jar;C:\Program Files\Java\jdk1.8.0_191\jre\lib\ext\jfxrt.jar;C:\Program Files\Java\jdk1.8.0_191\jre\lib\ext\localedata.jar;C:\Program Files\Java\jdk1.8.0_191\jre\lib\ext\nashorn.jar;C:\Program Files\Java\jdk1.8.0_191\jre\lib\ext\sunec.jar;C:\Program Files\Java\jdk1.8.0_191\jre\lib\ext\sunjce_provider.jar;C:\Program Files\Java\jdk1.8.0_191\jre\lib\ext\sunmscapi.jar;C:\Program Files\Java\jdk1.8.0_191\jre\lib\ext\sunpkcs11.jar;C:\Program Files\Java\jdk1.8.0_191\jre\lib\ext\zipfs.jar;C:\Users\admin\Desktop\zhylb2.0\Document\Development\springcloun\SCzhylb\zhylb_SC\zhylb_SC_Eureka_7001\target\classes;C:\Users\admin\.m2\repository\org\springframework\cloud\spring-cloud-starter-eureka-server\1.3.1.RELEASE\spring-cloud-starter-eureka-server-1.3.1.RELEASE.jar;C:\Users\admin\.m2\repository\org\springframework\cloud\spring-cloud-starter\1.2.2.RELEASE\spring-cloud-starter-1.2.2.RELEASE.jar;C:\Users\admin\.m2\repository\org\springframework\boot\spring-boot-starter\1.5.9.RELEASE\spring-boot-starter-1.5.9.RELEASE.jar;C:\Users\admin\.m2\repository\org\springframework\boot\spring-boot-starter-logging\1.5.9.RELEASE\spring-boot-starter-logging-1.5.9.RELEASE.jar;C:\Users\admin\.m2\repository\ch\qos\logback\logback-classic\1.1.11\logback-classic-1.1.11.jar;C:\Users\admin\.m2\repository\ch\qos\logback\logback-core\1.2.3\logback-core-1.2.3.jar;C:\Users\admin\.m2\repository\org\slf4j\jcl-over-slf4j\1.7.25\jcl-over-
Launcher Type: SUN_STANDARD

Environment Variables:
JAVA_HOME=C:\Program Files\Java\jdk1.8.0_191
CLASSPATH=.;C:\Program Files\Java\jdk1.8.0_191\bin;C:\Program Files\Java\jdk1.8.0_191\lib\dt.jar;C:\Program Files\Java\jdk1.8.0_191\lib\tools.jar
PATH=C:/Program Files/Java/jdk1.8.0_191/bin/../jre/bin/server;C:/Program Files/Java/jdk1.8.0_191/bin/../jre/bin;C:/Program Files/Java/jdk1.8.0_191/bin/../jre/lib/amd64;"C:\Program Files\Java\jdk1.8.0_191\bin;C:\Program Files\Java\jdk1.8.0_191\jre\bin;";C:\Program Files (x86)\Common Files\Oracle\Java\javapath;C:\Program Files (x86)\Microsoft SDKs\Azure\CLI2\wbin;C:\ProgramData\Oracle\Java\javapath;C:\WINDOWS\system32;C:\WINDOWS;C:\WINDOWS\System32\Wbem;C:\WINDOWS\System32\WindowsPowerShell\v1.0\;C:\Program Files\TortoiseSVN\bin;C:\Users\admin\AppData\Local\Android\Sdk\platform-tools;C:\WINDOWS\System32\OpenSSH\;C:\Program Files\Intel\WiFi\bin\;C:\Program Files\Common Files\Intel\WirelessCommon\;C:\Users\admin\Desktop\zhylb2.0\Document\Development\git\Git\cmd;C:\Users\admin\AppData\Local\Programs\Python\Python37\Scripts\;C:\Users\admin\AppData\Local\Programs\Python\Python37\;C:\Users\admin\AppData\Local\Microsoft\WindowsApps;C:\Program Files\Intel\WiFi\bin\;C:\Program Files\Common Files\Intel\WirelessCommon\;C:\Users\admin\Desktop\zhylb2.0\Document\Development\Python\python install\pycharm\PyCharm 2018.3.2\bin;;C:\Users\admin\Desktop\zhylb2.0\Document\Development\Docker\Docker Toolbox;C:\eclipse;
USERNAME=admin
OS=Windows_NT
PROCESSOR_IDENTIFIER=Intel64 Family 6 Model 142 Stepping 9, GenuineIntel



---------------  S Y S T E M  ---------------

OS: Windows 10.0 , 64 bit Build 17134 (10.0.17134.556)

CPU:total 4 (initial active 4) (2 cores per cpu, 2 threads per core) family 6 model 142 stepping 9, cmov, cx8, fxsr, mmx, sse, sse2, sse3, ssse3, sse4.1, sse4.2, popcnt, avx, avx2, aes, clmul, erms, 3dnowpref, lzcnt, ht, tsc, tscinvbit, bmi1, bmi2, adx

Memory: 4k page, physical 4101348k(358540k free), swap 16684260k(6020k free)

vm_info: Java HotSpot(TM) 64-Bit Server VM (25.191-b12) for windows-amd64 JRE (1.8.0_191-b12), built on Oct  6 2018 09:29:03 by "java_re" with MS VC++ 10.0 (VS2010)

time: Sun Mar 17 15:53:26 2019
elapsed time: 29 seconds (0d 0h 0m 29s)

