#
# There is insufficient memory for the Java Runtime Environment to continue.
# Native memory allocation (malloc) failed to allocate 1466432 bytes for Chunk::new
# Possible reasons:
#   The system is out of physical RAM or swap space
#   In 32 bit mode, the process size limit was hit
# Possible solutions:
#   Reduce memory load on the system
#   Increase physical memory or swap space
#   Check if swap backing store is full
#   Use 64 bit Java on a 64 bit OS
#   Decrease Java heap size (-Xmx/-Xms)
#   Decrease number of Java threads
#   Decrease Java thread stack sizes (-Xss)
#   Set larger code cache with -XX:ReservedCodeCacheSize=
# This output file may be truncated or incomplete.
#
#  Out of Memory Error (allocation.cpp:390), pid=8236, tid=0x0000000000005ac4
#
# JRE version: Java(TM) SE Runtime Environment (8.0_191-b12) (build 1.8.0_191-b12)
# Java VM: Java HotSpot(TM) 64-Bit Server VM (25.191-b12 mixed mode windows-amd64 compressed oops)
# Failed to write core dump. Minidumps are not enabled by default on client versions of Windows
#

---------------  T H R E A D  ---------------

Current thread (0x000000001506d000):  JavaThread "C2 CompilerThread0" daemon [_thread_in_native, id=23236, stack(0x00000000169b0000,0x0000000016ab0000)]

Stack: [0x00000000169b0000,0x0000000016ab0000]
[error occurred during error reporting (printing stack bounds), id 0xc0000005]

Native frames: (J=compiled Java code, j=interpreted, Vv=VM code, C=native code)


Current CompileTask:
C2:  13170 2350   !   4       java.net.URLClassLoader$1::run (63 bytes)


---------------  P R O C E S S  ---------------

Java Threads: ( => current thread )
  0x00000000176fc000 JavaThread "spring.cloud.inetutils" daemon [_thread_in_native, id=8044, stack(0x000000001aa40000,0x000000001ab40000)]
  0x0000000017f96800 JavaThread "restartedMain" [_thread_in_native, id=12764, stack(0x0000000018830000,0x0000000018930000)]
  0x0000000017630000 JavaThread "Thread-0" [_thread_blocked, id=19096, stack(0x0000000018730000,0x0000000018830000)]
  0x000000001509e800 JavaThread "Service Thread" daemon [_thread_blocked, id=21212, stack(0x0000000016cb0000,0x0000000016db0000)]
  0x0000000015087000 JavaThread "C1 CompilerThread2" daemon [_thread_blocked, id=1436, stack(0x0000000016bb0000,0x0000000016cb0000)]
  0x0000000015073000 JavaThread "C2 CompilerThread1" daemon [_thread_in_native, id=24360, stack(0x0000000016ab0000,0x0000000016bb0000)]
=>0x000000001506d000 JavaThread "C2 CompilerThread0" daemon [_thread_in_native, id=23236, stack(0x00000000169b0000,0x0000000016ab0000)]
  0x000000001506c000 JavaThread "Attach Listener" daemon [_thread_blocked, id=21696, stack(0x00000000168b0000,0x00000000169b0000)]
  0x0000000015059000 JavaThread "Signal Dispatcher" daemon [_thread_blocked, id=16440, stack(0x00000000167b0000,0x00000000168b0000)]
  0x0000000015030000 JavaThread "Finalizer" daemon [_thread_blocked, id=8688, stack(0x00000000162b0000,0x00000000163b0000)]
  0x0000000015028800 JavaThread "Reference Handler" daemon [_thread_blocked, id=10200, stack(0x00000000161b0000,0x00000000162b0000)]
  0x000000000294a800 JavaThread "main" [_thread_blocked, id=12856, stack(0x0000000002840000,0x0000000002940000)]

Other Threads:
  0x0000000015007800 VMThread [stack: 0x00000000160b0000,0x00000000161b0000] [id=21624]
  0x00000000164a7800 WatcherThread [stack: 0x0000000016db0000,0x0000000016eb0000] [id=24404]

VM state:not at safepoint (normal execution)

VM Mutex/Monitor currently owned by a thread: None

Heap:
 PSYoungGen      total 137728K, used 49920K [0x00000000eb200000, 0x00000000f4000000, 0x0000000100000000)
  eden space 130048K, 38% used [0x00000000eb200000,0x00000000ee2c0180,0x00000000f3100000)
  from space 7680K, 0% used [0x00000000f3100000,0x00000000f3100000,0x00000000f3880000)
  to   space 7680K, 0% used [0x00000000f3880000,0x00000000f3880000,0x00000000f4000000)
 ParOldGen       total 27136K, used 6040K [0x00000000c1600000, 0x00000000c3080000, 0x00000000eb200000)
  object space 27136K, 22% used [0x00000000c1600000,0x00000000c1be63c8,0x00000000c3080000)
 Metaspace       used 22358K, capacity 22644K, committed 22832K, reserved 1069056K
  class space    used 2752K, capacity 2856K, committed 2944K, reserved 1048576K

Card table byte_map: [0x0000000011e00000,0x0000000012000000] byte_map_base: 0x00000000117f5000

Marking Bits: (ParMarkBitMap*) 0x0000000070dc3e30
 Begin Bits: [0x0000000012550000, 0x00000000134f8000)
 End Bits:   [0x00000000134f8000, 0x00000000144a0000)

Polling page: 0x00000000005f0000

CodeCache: size=245760Kb used=7709Kb max_used=7709Kb free=238050Kb
 bounds [0x0000000002a40000, 0x00000000031d0000, 0x0000000011a40000]
 total_blobs=2578 nmethods=2199 adapters=291
 compilation: enabled

Compilation events (10 events):
Event: 13.018 Thread 0x0000000015087000 2384       3       java.util.regex.Pattern$Ctype::isSatisfiedBy (24 bytes)
Event: 13.019 Thread 0x0000000015087000 nmethod 2384 0x00000000031caa50 code [0x00000000031cabc0, 0x00000000031caf50]
Event: 13.019 Thread 0x0000000015087000 2385       3       java.util.regex.ASCII::isType (15 bytes)
Event: 13.019 Thread 0x0000000015087000 nmethod 2385 0x00000000031cb0d0 code [0x00000000031cb240, 0x00000000031cb4b0]
Event: 13.019 Thread 0x0000000015087000 2386       3       java.util.regex.ASCII::getType (17 bytes)
Event: 13.019 Thread 0x0000000015087000 nmethod 2386 0x00000000031cb5d0 code [0x00000000031cb740, 0x00000000031cb910]
Event: 13.019 Thread 0x0000000015087000 2387       1       java.util.Formatter$FormatSpecifier::index (5 bytes)
Event: 13.019 Thread 0x0000000015087000 nmethod 2387 0x00000000031cb9d0 code [0x00000000031cbb20, 0x00000000031cbc30]
Event: 13.057 Thread 0x0000000015087000 2389       3       java.lang.ClassLoader::getParent (32 bytes)
Event: 13.058 Thread 0x0000000015087000 nmethod 2389 0x00000000031cbc90 code [0x00000000031cbe60, 0x00000000031cc758]

GC Heap History (10 events):
Event: 7.871 GC heap before
{Heap before GC invocations=6 (full 0):
 PSYoungGen      total 35328K, used 35286K [0x00000000eb200000, 0x00000000efd00000, 0x0000000100000000)
  eden space 32768K, 99% used [0x00000000eb200000,0x00000000ed1f7950,0x00000000ed200000)
  from space 2560K, 99% used [0x00000000ed200000,0x00000000ed47df58,0x00000000ed480000)
  to   space 5632K, 0% used [0x00000000ef780000,0x00000000ef780000,0x00000000efd00000)
 ParOldGen       total 44032K, used 6174K [0x00000000c1600000, 0x00000000c4100000, 0x00000000eb200000)
  object space 44032K, 14% used [0x00000000c1600000,0x00000000c1c078e0,0x00000000c4100000)
 Metaspace       used 11539K, capacity 11726K, committed 12032K, reserved 1060864K
  class space    used 1396K, capacity 1434K, committed 1536K, reserved 1048576K
Event: 7.885 GC heap after
Heap after GC invocations=6 (full 0):
 PSYoungGen      total 70656K, used 5263K [0x00000000eb200000, 0x00000000efe00000, 0x0000000100000000)
  eden space 65024K, 0% used [0x00000000eb200000,0x00000000eb200000,0x00000000ef180000)
  from space 5632K, 93% used [0x00000000ef780000,0x00000000efca3fc0,0x00000000efd00000)
  to   space 6144K, 0% used [0x00000000ef180000,0x00000000ef180000,0x00000000ef780000)
 ParOldGen       total 44032K, used 6182K [0x00000000c1600000, 0x00000000c4100000, 0x00000000eb200000)
  object space 44032K, 14% used [0x00000000c1600000,0x00000000c1c098e0,0x00000000c4100000)
 Metaspace       used 11539K, capacity 11726K, committed 12032K, reserved 1060864K
  class space    used 1396K, capacity 1434K, committed 1536K, reserved 1048576K
}
Event: 9.038 GC heap before
{Heap before GC invocations=7 (full 0):
 PSYoungGen      total 70656K, used 70287K [0x00000000eb200000, 0x00000000efe00000, 0x0000000100000000)
  eden space 65024K, 100% used [0x00000000eb200000,0x00000000ef180000,0x00000000ef180000)
  from space 5632K, 93% used [0x00000000ef780000,0x00000000efca3fc0,0x00000000efd00000)
  to   space 6144K, 0% used [0x00000000ef180000,0x00000000ef180000,0x00000000ef780000)
 ParOldGen       total 44032K, used 6182K [0x00000000c1600000, 0x00000000c4100000, 0x00000000eb200000)
  object space 44032K, 14% used [0x00000000c1600000,0x00000000c1c098e0,0x00000000c4100000)
 Metaspace       used 17201K, capacity 17400K, committed 17536K, reserved 1064960K
  class space    used 2087K, capacity 2129K, committed 2176K, reserved 1048576K
Event: 9.052 GC heap after
Heap after GC invocations=7 (full 0):
 PSYoungGen      total 71168K, used 6121K [0x00000000eb200000, 0x00000000f4000000, 0x0000000100000000)
  eden space 65024K, 0% used [0x00000000eb200000,0x00000000eb200000,0x00000000ef180000)
  from space 6144K, 99% used [0x00000000ef180000,0x00000000ef77a420,0x00000000ef780000)
  to   space 7680K, 0% used [0x00000000f3880000,0x00000000f3880000,0x00000000f4000000)
 ParOldGen       total 44032K, used 8054K [0x00000000c1600000, 0x00000000c4100000, 0x00000000eb200000)
  object space 44032K, 18% used [0x00000000c1600000,0x00000000c1ddda18,0x00000000c4100000)
 Metaspace       used 17201K, capacity 17400K, committed 17536K, reserved 1064960K
  class space    used 2087K, capacity 2129K, committed 2176K, reserved 1048576K
}
Event: 10.192 GC heap before
{Heap before GC invocations=8 (full 0):
 PSYoungGen      total 71168K, used 71145K [0x00000000eb200000, 0x00000000f4000000, 0x0000000100000000)
  eden space 65024K, 100% used [0x00000000eb200000,0x00000000ef180000,0x00000000ef180000)
  from space 6144K, 99% used [0x00000000ef180000,0x00000000ef77a420,0x00000000ef780000)
  to   space 7680K, 0% used [0x00000000f3880000,0x00000000f3880000,0x00000000f4000000)
 ParOldGen       total 44032K, used 8054K [0x00000000c1600000, 0x00000000c4100000, 0x00000000eb200000)
  object space 44032K, 18% used [0x00000000c1600000,0x00000000c1ddda18,0x00000000c4100000)
 Metaspace       used 20851K, capacity 21140K, committed 21296K, reserved 1069056K
  class space    used 2541K, capacity 2632K, committed 2688K, reserved 1048576K
Event: 10.217 GC heap after
Heap after GC invocations=8 (full 0):
 PSYoungGen      total 137728K, used 5624K [0x00000000eb200000, 0x00000000f4000000, 0x0000000100000000)
  eden space 130048K, 0% used [0x00000000eb200000,0x00000000eb200000,0x00000000f3100000)
  from space 7680K, 73% used [0x00000000f3880000,0x00000000f3dfe228,0x00000000f4000000)
  to   space 7680K, 0% used [0x00000000f3100000,0x00000000f3100000,0x00000000f3880000)
 ParOldGen       total 44032K, used 8482K [0x00000000c1600000, 0x00000000c4100000, 0x00000000eb200000)
  object space 44032K, 19% used [0x00000000c1600000,0x00000000c1e48998,0x00000000c4100000)
 Metaspace       used 20851K, capacity 21140K, committed 21296K, reserved 1069056K
  class space    used 2541K, capacity 2632K, committed 2688K, reserved 1048576K
}
Event: 10.235 GC heap before
{Heap before GC invocations=9 (full 0):
 PSYoungGen      total 137728K, used 7889K [0x00000000eb200000, 0x00000000f4000000, 0x0000000100000000)
  eden space 130048K, 1% used [0x00000000eb200000,0x00000000eb4364c8,0x00000000f3100000)
  from space 7680K, 73% used [0x00000000f3880000,0x00000000f3dfe228,0x00000000f4000000)
  to   space 7680K, 0% used [0x00000000f3100000,0x00000000f3100000,0x00000000f3880000)
 ParOldGen       total 44032K, used 8482K [0x00000000c1600000, 0x00000000c4100000, 0x00000000eb200000)
  object space 44032K, 19% used [0x00000000c1600000,0x00000000c1e48998,0x00000000c4100000)
 Metaspace       used 20880K, capacity 21140K, committed 21296K, reserved 1069056K
  class space    used 2546K, capacity 2632K, committed 2688K, reserved 1048576K
Event: 10.241 GC heap after
Heap after GC invocations=9 (full 0):
 PSYoungGen      total 137728K, used 3184K [0x00000000eb200000, 0x00000000f4000000, 0x0000000100000000)
  eden space 130048K, 0% used [0x00000000eb200000,0x00000000eb200000,0x00000000f3100000)
  from space 7680K, 41% used [0x00000000f3100000,0x00000000f341c010,0x00000000f3880000)
  to   space 7680K, 0% used [0x00000000f3880000,0x00000000f3880000,0x00000000f4000000)
 ParOldGen       total 44032K, used 9196K [0x00000000c1600000, 0x00000000c4100000, 0x00000000eb200000)
  object space 44032K, 20% used [0x00000000c1600000,0x00000000c1efb248,0x00000000c4100000)
 Metaspace       used 20880K, capacity 21140K, committed 21296K, reserved 1069056K
  class space    used 2546K, capacity 2632K, committed 2688K, reserved 1048576K
}
Event: 10.241 GC heap before
{Heap before GC invocations=10 (full 1):
 PSYoungGen      total 137728K, used 3184K [0x00000000eb200000, 0x00000000f4000000, 0x0000000100000000)
  eden space 130048K, 0% used [0x00000000eb200000,0x00000000eb200000,0x00000000f3100000)
  from space 7680K, 41% used [0x00000000f3100000,0x00000000f341c010,0x00000000f3880000)
  to   space 7680K, 0% used [0x00000000f3880000,0x00000000f3880000,0x00000000f4000000)
 ParOldGen       total 44032K, used 9196K [0x00000000c1600000, 0x00000000c4100000, 0x00000000eb200000)
  object space 44032K, 20% used [0x00000000c1600000,0x00000000c1efb248,0x00000000c4100000)
 Metaspace       used 20880K, capacity 21140K, committed 21296K, reserved 1069056K
  class space    used 2546K, capacity 2632K, committed 2688K, reserved 1048576K
Event: 10.305 GC heap after
Heap after GC invocations=10 (full 1):
 PSYoungGen      total 137728K, used 0K [0x00000000eb200000, 0x00000000f4000000, 0x0000000100000000)
  eden space 130048K, 0% used [0x00000000eb200000,0x00000000eb200000,0x00000000f3100000)
  from space 7680K, 0% used [0x00000000f3100000,0x00000000f3100000,0x00000000f3880000)
  to   space 7680K, 0% used [0x00000000f3880000,0x00000000f3880000,0x00000000f4000000)
 ParOldGen       total 27136K, used 6040K [0x00000000c1600000, 0x00000000c3080000, 0x00000000eb200000)
  object space 27136K, 22% used [0x00000000c1600000,0x00000000c1be63c8,0x00000000c3080000)
 Metaspace       used 20880K, capacity 21140K, committed 21296K, reserved 1069056K
  class space    used 2546K, capacity 2632K, committed 2688K, reserved 1048576K
}

Deoptimization events (10 events):
Event: 10.990 Thread 0x0000000017f96800 Uncommon trap: reason=unstable_if action=reinterpret pc=0x0000000003164454 method=org.springframework.util.ConcurrentReferenceHashMap$Segment.clear()V @ 4
Event: 12.684 Thread 0x0000000017f96800 Uncommon trap: reason=class_check action=maybe_recompile pc=0x0000000002e31498 method=java.util.regex.Pattern$CharProperty.match(Ljava/util/regex/Matcher;ILjava/lang/CharSequence;)Z @ 37
Event: 12.684 Thread 0x0000000017f96800 Uncommon trap: reason=class_check action=maybe_recompile pc=0x0000000002e31498 method=java.util.regex.Pattern$CharProperty.match(Ljava/util/regex/Matcher;ILjava/lang/CharSequence;)Z @ 37
Event: 12.684 Thread 0x0000000017f96800 Uncommon trap: reason=class_check action=maybe_recompile pc=0x0000000002e31498 method=java.util.regex.Pattern$CharProperty.match(Ljava/util/regex/Matcher;ILjava/lang/CharSequence;)Z @ 37
Event: 12.684 Thread 0x0000000017f96800 Uncommon trap: reason=class_check action=maybe_recompile pc=0x0000000002e31498 method=java.util.regex.Pattern$CharProperty.match(Ljava/util/regex/Matcher;ILjava/lang/CharSequence;)Z @ 37
Event: 12.939 Thread 0x0000000017f96800 Uncommon trap: reason=unstable_if action=reinterpret pc=0x0000000002e6dcc4 method=java.util.HashMap.hash(Ljava/lang/Object;)I @ 1
Event: 12.950 Thread 0x0000000017f96800 Uncommon trap: reason=unstable_if action=reinterpret pc=0x0000000002e74544 method=java.util.HashMap.hash(Ljava/lang/Object;)I @ 1
Event: 12.957 Thread 0x0000000017f96800 Uncommon trap: reason=bimorphic action=maybe_recompile pc=0x0000000003196f5c method=java.util.regex.Pattern$BmpCharProperty.match(Ljava/util/regex/Matcher;ILjava/lang/CharSequence;)Z @ 31
Event: 12.957 Thread 0x0000000017f96800 Uncommon trap: reason=bimorphic action=maybe_recompile pc=0x0000000003196f5c method=java.util.regex.Pattern$BmpCharProperty.match(Ljava/util/regex/Matcher;ILjava/lang/CharSequence;)Z @ 31
Event: 12.957 Thread 0x0000000017f96800 Uncommon trap: reason=bimorphic action=maybe_recompile pc=0x0000000003196f5c method=java.util.regex.Pattern$BmpCharProperty.match(Ljava/util/regex/Matcher;ILjava/lang/CharSequence;)Z @ 31

Classes redefined (0 events):
No events

Internal exceptions (10 events):
Event: 10.858 Thread 0x0000000017f96800 Exception <a 'java/lang/ClassNotFoundException': org/springframework/context/ApplicationContextAwareCustomizer> (0x00000000ec934268) thrown at [C:\re\workspace\8-2-build-windows-amd64-cygwin\jdk8u191\11896\hotspot\src\share\vm\classfile\systemDictionary.c
Event: 10.862 Thread 0x0000000017f96800 Exception <a 'java/lang/ClassNotFoundException': org/springframework/context/ApplicationListenerCustomizer> (0x00000000ec963680) thrown at [C:\re\workspace\8-2-build-windows-amd64-cygwin\jdk8u191\11896\hotspot\src\share\vm\classfile\systemDictionary.cpp, 
Event: 10.871 Thread 0x0000000017f96800 Exception <a 'java/lang/ClassNotFoundException': java/lang/ObjectCustomizer> (0x00000000ec9a4f98) thrown at [C:\re\workspace\8-2-build-windows-amd64-cygwin\jdk8u191\11896\hotspot\src\share\vm\classfile\systemDictionary.cpp, line 210]
Event: 10.886 Thread 0x0000000017f96800 Exception <a 'java/lang/ClassNotFoundException': org/springframework/boot/autoconfigure/context/PropertyPlaceholderAutoConfigurationCustomizer> (0x00000000ec9ea938) thrown at [C:\re\workspace\8-2-build-windows-amd64-cygwin\jdk8u191\11896\hotspot\src\share
Event: 10.889 Thread 0x0000000017f96800 Exception <a 'java/lang/ClassNotFoundException': org/springframework/boot/autoconfigure/context/PropertyPlaceholderAutoConfiguration$$EnhancerBySpringCGLIB$$3721f2c7Customizer> (0x00000000eca3fab8) thrown at [C:\re\workspace\8-2-build-windows-amd64-cygwin
Event: 10.891 Thread 0x0000000017f96800 Exception <a 'java/lang/ClassNotFoundException': org/springframework/context/annotation/ConfigurationClassEnhancer$EnhancedConfigurationCustomizer> (0x00000000eca893a0) thrown at [C:\re\workspace\8-2-build-windows-amd64-cygwin\jdk8u191\11896\hotspot\src\s
Event: 12.939 Thread 0x0000000017f96800 Implicit null exception at 0x0000000002e6d0fe to 0x0000000002e6dca9
Event: 12.950 Thread 0x0000000017f96800 Implicit null exception at 0x0000000002e74315 to 0x0000000002e74535
Event: 12.974 Thread 0x0000000017f96800 Exception <a 'java/lang/ClassNotFoundException': java/lang/ObjectCustomizer> (0x00000000edd93ea0) thrown at [C:\re\workspace\8-2-build-windows-amd64-cygwin\jdk8u191\11896\hotspot\src\share\vm\classfile\systemDictionary.cpp, line 210]
Event: 12.982 Thread 0x0000000017f96800 Exception <a 'java/lang/ClassNotFoundException': org/springframework/boot/yaml/SpringProfileDocumentMatcher$SpringPropertiesCustomizer> (0x00000000eddd51e0) thrown at [C:\re\workspace\8-2-build-windows-amd64-cygwin\jdk8u191\11896\hotspot\src\share\vm\clas

Events (10 events):
Event: 12.974 loading class org/springframework/boot/yaml/SpringProfileDocumentMatcher$SpringPropertiesCustomizer
Event: 12.974 loading class org/springframework/boot/yaml/SpringProfileDocumentMatcher$SpringPropertiesCustomizer done
Event: 12.981 loading class org/springframework/boot/yaml/SpringProfileDocumentMatcher$SpringPropertiesCustomizer
Event: 12.981 loading class org/springframework/boot/yaml/SpringProfileDocumentMatcher$SpringPropertiesCustomizer done
Event: 12.981 loading class org/springframework/boot/yaml/SpringProfileDocumentMatcher$SpringPropertiesCustomizer
Event: 12.981 loading class org/springframework/boot/yaml/SpringProfileDocumentMatcher$SpringPropertiesCustomizer done
Event: 12.991 loading class org/springframework/boot/yaml/SpringProfileDocumentMatcher$ProfileType
Event: 12.991 loading class org/springframework/boot/yaml/SpringProfileDocumentMatcher$ProfileType done
Event: 13.002 loading class org/springframework/boot/context/config/ConfigFileApplicationListener$SpringProfiles
Event: 13.002 loading class org/springframework/boot/context/config/ConfigFileApplicationListener$SpringProfiles done


Dynamic libraries:
0x00007ff7ab3b0000 - 0x00007ff7ab3e7000 	C:\Program Files\Java\jdk1.8.0_191\bin\javaw.exe
0x00007fff08d60000 - 0x00007fff08f41000 	C:\WINDOWS\SYSTEM32\ntdll.dll
0x00007fff08570000 - 0x00007fff08622000 	C:\WINDOWS\System32\KERNEL32.DLL
0x00007fff05f70000 - 0x00007fff061e3000 	C:\WINDOWS\System32\KERNELBASE.dll
0x00007fff06370000 - 0x00007fff06411000 	C:\WINDOWS\System32\ADVAPI32.dll
0x00007fff08930000 - 0x00007fff089ce000 	C:\WINDOWS\System32\msvcrt.dll
0x00007fff08350000 - 0x00007fff083ab000 	C:\WINDOWS\System32\sechost.dll
0x00007fff06de0000 - 0x00007fff06f04000 	C:\WINDOWS\System32\RPCRT4.dll
0x00007fff08700000 - 0x00007fff08890000 	C:\WINDOWS\System32\USER32.dll
0x00007fff05330000 - 0x00007fff05350000 	C:\WINDOWS\System32\win32u.dll
0x00007fff08530000 - 0x00007fff08558000 	C:\WINDOWS\System32\GDI32.dll
0x00007fff05130000 - 0x00007fff052c2000 	C:\WINDOWS\System32\gdi32full.dll
0x00007fff054d0000 - 0x00007fff0556f000 	C:\WINDOWS\System32\msvcp_win.dll
0x00007fff053d0000 - 0x00007fff054ca000 	C:\WINDOWS\System32\ucrtbase.dll
0x00007ffef8fe0000 - 0x00007ffef9249000 	C:\WINDOWS\WinSxS\amd64_microsoft.windows.common-controls_6595b64144ccf1df_6.0.17134.590_none_fb3d9bff3069e088\COMCTL32.dll
0x00007fff08a00000 - 0x00007fff08d22000 	C:\WINDOWS\System32\combase.dll
0x00007fff05350000 - 0x00007fff053ca000 	C:\WINDOWS\System32\bcryptPrimitives.dll
0x00007fff089d0000 - 0x00007fff089fd000 	C:\WINDOWS\System32\IMM32.DLL
0x00000000703d0000 - 0x00000000704a2000 	C:\Program Files\Java\jdk1.8.0_191\jre\bin\msvcr100.dll
0x00000000705a0000 - 0x0000000070e44000 	C:\Program Files\Java\jdk1.8.0_191\jre\bin\server\jvm.dll
0x00007fff06510000 - 0x00007fff06518000 	C:\WINDOWS\System32\PSAPI.DLL
0x00007ffeff990000 - 0x00007ffeff99a000 	C:\WINDOWS\SYSTEM32\VERSION.dll
0x00007ffef6ea0000 - 0x00007ffef6ea9000 	C:\WINDOWS\SYSTEM32\WSOCK32.dll
0x00007fff02d10000 - 0x00007fff02d33000 	C:\WINDOWS\SYSTEM32\WINMM.dll
0x00007fff08630000 - 0x00007fff0869c000 	C:\WINDOWS\System32\WS2_32.dll
0x00007fff02ce0000 - 0x00007fff02d0a000 	C:\WINDOWS\SYSTEM32\winmmbase.dll
0x00007fff05570000 - 0x00007fff055b9000 	C:\WINDOWS\System32\cfgmgr32.dll
0x0000000070590000 - 0x000000007059f000 	C:\Program Files\Java\jdk1.8.0_191\jre\bin\verify.dll
0x0000000070560000 - 0x0000000070589000 	C:\Program Files\Java\jdk1.8.0_191\jre\bin\java.dll
0x0000000070540000 - 0x0000000070556000 	C:\Program Files\Java\jdk1.8.0_191\jre\bin\zip.dll
0x00007fff06f10000 - 0x00007fff08350000 	C:\WINDOWS\System32\SHELL32.dll
0x00007fff083b0000 - 0x00007fff08459000 	C:\WINDOWS\System32\shcore.dll
0x00007fff05860000 - 0x00007fff05f6d000 	C:\WINDOWS\System32\windows.storage.dll
0x00007fff086a0000 - 0x00007fff086f1000 	C:\WINDOWS\System32\shlwapi.dll
0x00007fff050c0000 - 0x00007fff050d1000 	C:\WINDOWS\System32\kernel.appcore.dll
0x00007fff050a0000 - 0x00007fff050bf000 	C:\WINDOWS\System32\profapi.dll
0x00007fff050e0000 - 0x00007fff0512c000 	C:\WINDOWS\System32\powrprof.dll
0x00007fff05070000 - 0x00007fff0507a000 	C:\WINDOWS\System32\FLTLIB.DLL
0x0000000070520000 - 0x000000007053a000 	C:\Program Files\Java\jdk1.8.0_191\jre\bin\net.dll
0x00007fff04880000 - 0x00007fff048e6000 	C:\WINDOWS\system32\mswsock.dll
0x00007fff04600000 - 0x00007fff04638000 	C:\WINDOWS\SYSTEM32\IPHLPAPI.DLL
0x00007fff06520000 - 0x00007fff06528000 	C:\WINDOWS\System32\NSI.dll
0x00007ffefb960000 - 0x00007ffefb976000 	C:\WINDOWS\SYSTEM32\dhcpcsvc6.DLL
0x00007ffefb920000 - 0x00007ffefb93a000 	C:\WINDOWS\SYSTEM32\dhcpcsvc.DLL
0x00007fff04640000 - 0x00007fff046fe000 	C:\WINDOWS\SYSTEM32\DNSAPI.dll
0x00000000704b0000 - 0x00000000704bd000 	C:\Program Files\Java\jdk1.8.0_191\jre\bin\management.dll
0x00007ffeffa30000 - 0x00007ffeffa46000 	C:\WINDOWS\system32\napinsp.dll
0x00007ffef6e70000 - 0x00007ffef6e8a000 	C:\WINDOWS\system32\pnrpnsp.dll
0x00007fff01570000 - 0x00007fff01589000 	C:\WINDOWS\system32\NLAapi.dll
0x00007fff007c0000 - 0x00007fff007ce000 	C:\WINDOWS\System32\winrnr.dll
0x00007ffefa940000 - 0x00007ffefa94a000 	C:\Windows\System32\rasadhlp.dll
0x00007ffefaa60000 - 0x00007ffefaad2000 	C:\WINDOWS\System32\fwpuclnt.dll
0x00007fff04b60000 - 0x00007fff04b85000 	C:\WINDOWS\SYSTEM32\bcrypt.dll
0x0000000070500000 - 0x0000000070511000 	C:\Program Files\Java\jdk1.8.0_191\jre\bin\nio.dll

VM Arguments:
jvm_args: -Dfile.encoding=UTF-8 
java_command: com.supermap.ZuulGateway9527_App
java_class_path (initial): C:\Program Files\Java\jdk1.8.0_191\jre\lib\resources.jar;C:\Program Files\Java\jdk1.8.0_191\jre\lib\rt.jar;C:\Program Files\Java\jdk1.8.0_191\jre\lib\jsse.jar;C:\Program Files\Java\jdk1.8.0_191\jre\lib\jce.jar;C:\Program Files\Java\jdk1.8.0_191\jre\lib\charsets.jar;C:\Program Files\Java\jdk1.8.0_191\jre\lib\jfr.jar;C:\Program Files\Java\jdk1.8.0_191\jre\lib\ext\access-bridge-64.jar;C:\Program Files\Java\jdk1.8.0_191\jre\lib\ext\cldrdata.jar;C:\Program Files\Java\jdk1.8.0_191\jre\lib\ext\dnsns.jar;C:\Program Files\Java\jdk1.8.0_191\jre\lib\ext\jaccess.jar;C:\Program Files\Java\jdk1.8.0_191\jre\lib\ext\jfxrt.jar;C:\Program Files\Java\jdk1.8.0_191\jre\lib\ext\localedata.jar;C:\Program Files\Java\jdk1.8.0_191\jre\lib\ext\nashorn.jar;C:\Program Files\Java\jdk1.8.0_191\jre\lib\ext\sunec.jar;C:\Program Files\Java\jdk1.8.0_191\jre\lib\ext\sunjce_provider.jar;C:\Program Files\Java\jdk1.8.0_191\jre\lib\ext\sunmscapi.jar;C:\Program Files\Java\jdk1.8.0_191\jre\lib\ext\sunpkcs11.jar;C:\Program Files\Java\jdk1.8.0_191\jre\lib\ext\zipfs.jar;C:\Users\admin\Desktop\zhylb2.0\Document\Development\springcloun\SCzhylb\zhylb_SC\zhylb_SC_zuul\target\classes;C:\Users\admin\.m2\repository\org\springframework\cloud\spring-cloud-starter-zuul\1.3.1.RELEASE\spring-cloud-starter-zuul-1.3.1.RELEASE.jar;C:\Users\admin\.m2\repository\org\springframework\cloud\spring-cloud-starter\1.2.2.RELEASE\spring-cloud-starter-1.2.2.RELEASE.jar;C:\Users\admin\.m2\repository\org\springframework\cloud\spring-cloud-context\1.2.2.RELEASE\spring-cloud-context-1.2.2.RELEASE.jar;C:\Users\admin\.m2\repository\org\springframework\security\spring-security-crypto\4.2.3.RELEASE\spring-security-crypto-4.2.3.RELEASE.jar;C:\Users\admin\.m2\repository\org\springframework\cloud\spring-cloud-commons\1.2.2.RELEASE\spring-cloud-commons-1.2.2.RELEASE.jar;C:\Users\admin\.m2\repository\org\springframework\security\spring-security-rsa\1.0.3.RELEASE\spring-security-rsa-1.0.3.RELEASE.jar;C:\Users\admin\.m2\r
Launcher Type: SUN_STANDARD

Environment Variables:
JAVA_HOME=C:\Program Files\Java\jdk1.8.0_191
CLASSPATH=.;C:\Program Files\Java\jdk1.8.0_191\bin;C:\Program Files\Java\jdk1.8.0_191\lib\dt.jar;C:\Program Files\Java\jdk1.8.0_191\lib\tools.jar
PATH=C:/Program Files/Java/jdk1.8.0_191/bin/../jre/bin/server;C:/Program Files/Java/jdk1.8.0_191/bin/../jre/bin;C:/Program Files/Java/jdk1.8.0_191/bin/../jre/lib/amd64;"C:\Program Files\Java\jdk1.8.0_191\bin;C:\Program Files\Java\jdk1.8.0_191\jre\bin;";C:\Program Files (x86)\Common Files\Oracle\Java\javapath;C:\Program Files (x86)\Microsoft SDKs\Azure\CLI2\wbin;C:\ProgramData\Oracle\Java\javapath;C:\WINDOWS\system32;C:\WINDOWS;C:\WINDOWS\System32\Wbem;C:\WINDOWS\System32\WindowsPowerShell\v1.0\;C:\Program Files\TortoiseSVN\bin;C:\Users\admin\AppData\Local\Android\Sdk\platform-tools;C:\WINDOWS\System32\OpenSSH\;C:\Program Files\Intel\WiFi\bin\;C:\Program Files\Common Files\Intel\WirelessCommon\;C:\Users\admin\Desktop\zhylb2.0\Document\Development\git\Git\cmd;C:\Users\admin\AppData\Local\Programs\Python\Python37\Scripts\;C:\Users\admin\AppData\Local\Programs\Python\Python37\;C:\Users\admin\AppData\Local\Microsoft\WindowsApps;C:\Program Files\Intel\WiFi\bin\;C:\Program Files\Common Files\Intel\WirelessCommon\;C:\Users\admin\Desktop\zhylb2.0\Document\Development\Python\python install\pycharm\PyCharm 2018.3.2\bin;;C:\Users\admin\Desktop\zhylb2.0\Document\Development\Docker\Docker Toolbox;C:\eclipse;
USERNAME=admin
OS=Windows_NT
PROCESSOR_IDENTIFIER=Intel64 Family 6 Model 142 Stepping 9, GenuineIntel



---------------  S Y S T E M  ---------------

OS: Windows 10.0 , 64 bit Build 17134 (10.0.17134.556)

CPU:total 4 (initial active 4) (2 cores per cpu, 2 threads per core) family 6 model 142 stepping 9, cmov, cx8, fxsr, mmx, sse, sse2, sse3, ssse3, sse4.1, sse4.2, popcnt, avx, avx2, aes, clmul, erms, 3dnowpref, lzcnt, ht, tsc, tscinvbit, bmi1, bmi2, adx

Memory: 4k page, physical 4101348k(263772k free), swap 16684260k(6448k free)

vm_info: Java HotSpot(TM) 64-Bit Server VM (25.191-b12) for windows-amd64 JRE (1.8.0_191-b12), built on Oct  6 2018 09:29:03 by "java_re" with MS VC++ 10.0 (VS2010)

time: Sun Mar 17 15:56:41 2019
elapsed time: 13 seconds (0d 0h 0m 13s)

